<?xml version="1.0" encoding="UTF-8" ?>
<testsuite errors="0" failures="0" hostname="DESKTOP-17USIF1" name="balancedbinarytree.PartsListTest" skipped="0" tests="1" time="0.08" timestamp="2021-04-22T08:22:53">
  <properties>
[...]
</properties>
  <testcase classname="balancedbinarytree.PartsListTest" name="testMain" time="0.005" />
  <system-out><![CDATA[main
Bolt
Clamp
Clip
Hinge
Hose
Nut
Oil Filter
Screw
Valve
Wheel
]]></system-out>
  <system-err><![CDATA[]]></system-err>
</testsuite>
